<?xml version="1.0" encoding="UTF-8"?>
<!-- Generated by org.testng.reporters.JUnitReportReporter -->
<testsuite hostname="LTIN486368" failures="0" tests="2" name="testCases.testCase_001" time="283.441" errors="0" timestamp="2024-04-02T16:05:47 IST" skipped="0">
  <testcase classname="testCases.testCase_001" name="firstPage" time="31.261"/>
  <testcase classname="testCases.testCase_001" name="secondPage" time="252.180"/>
</testsuite> <!-- testCases.testCase_001 -->
